<?xml version="1.0" encoding="UTF-8"?>
<testsuite xmlns:xsi="http://www.w3.org/2001/XMLSchema-instance" xsi:noNamespaceSchemaLocation="https://maven.apache.org/surefire/maven-surefire-plugin/xsd/surefire-test-report.xsd" name="org.example.AppTest" time="0.081" tests="1" errors="0" skipped="0" failures="0">
  <properties>
    <property name="sun.desktop" value="windows"/>
    <property name="awt.toolkit" value="sun.awt.windows.WToolkit"/>
    <property name="file.encoding.pkg" value="sun.io"/>
    <property name="java.specification.version" value="1.8"/>
    <property name="sun.cpu.isalist" value="amd64"/>
    <property name="sun.jnu.encoding" value="GBK"/>
    <property name="java.class.path" value="D:\workspace\idea\fim\common\target\test-classes;D:\workspace\idea\fim\common\target\classes;D:\dev\mvn\junit\junit\4.11\junit-4.11.jar;D:\dev\mvn\org\hamcrest\hamcrest-core\1.3\hamcrest-core-1.3.jar;"/>
    <property name="java.vm.vendor" value="Oracle Corporation"/>
    <property name="sun.arch.data.model" value="64"/>
    <property name="user.variant" value=""/>
    <property name="java.vendor.url" value="http://java.oracle.com/"/>
    <property name="user.timezone" value="Asia/Shanghai"/>
    <property name="java.vm.specification.version" value="1.8"/>
    <property name="os.name" value="Windows 8.1"/>
    <property name="user.country" value="CN"/>
    <property name="sun.java.launcher" value="SUN_STANDARD"/>
    <property name="sun.boot.library.path" value="D:\Program Files\Java\jdk1.8.0_45\jre\bin"/>
    <property name="sun.java.command" value="C:\Users\19040692\AppData\Local\Temp\surefire3617347424979237057\surefirebooter7469217459934933769.jar C:\Users\19040692\AppData\Local\Temp\surefire3617347424979237057 2020-12-21T10-05-35_188-jvmRun1 surefire3747516402811953627tmp surefire_05705025021162420322tmp"/>
    <property name="surefire.test.class.path" value="D:\workspace\idea\fim\common\target\test-classes;D:\workspace\idea\fim\common\target\classes;D:\dev\mvn\junit\junit\4.11\junit-4.11.jar;D:\dev\mvn\org\hamcrest\hamcrest-core\1.3\hamcrest-core-1.3.jar;"/>
    <property name="sun.cpu.endian" value="little"/>
    <property name="user.home" value="C:\Users\19040692"/>
    <property name="user.language" value="zh"/>
    <property name="java.specification.vendor" value="Oracle Corporation"/>
    <property name="java.home" value="D:\Program Files\Java\jdk1.8.0_45\jre"/>
    <property name="basedir" value="D:\workspace\idea\fim\common"/>
    <property name="file.separator" value="\"/>
    <property name="line.separator" value="&#10;"/>
    <property name="java.vm.specification.vendor" value="Oracle Corporation"/>
    <property name="java.specification.name" value="Java Platform API Specification"/>
    <property name="java.awt.graphicsenv" value="sun.awt.Win32GraphicsEnvironment"/>
    <property name="surefire.real.class.path" value="C:\Users\19040692\AppData\Local\Temp\surefire3617347424979237057\surefirebooter7469217459934933769.jar"/>
    <property name="sun.boot.class.path" value="D:\Program Files\Java\jdk1.8.0_45\jre\lib\resources.jar;D:\Program Files\Java\jdk1.8.0_45\jre\lib\rt.jar;D:\Program Files\Java\jdk1.8.0_45\jre\lib\sunrsasign.jar;D:\Program Files\Java\jdk1.8.0_45\jre\lib\jsse.jar;D:\Program Files\Java\jdk1.8.0_45\jre\lib\jce.jar;D:\Program Files\Java\jdk1.8.0_45\jre\lib\charsets.jar;D:\Program Files\Java\jdk1.8.0_45\jre\lib\jfr.jar;D:\Program Files\Java\jdk1.8.0_45\jre\classes"/>
    <property name="user.script" value=""/>
    <property name="sun.management.compiler" value="HotSpot 64-Bit Tiered Compilers"/>
    <property name="java.runtime.version" value="1.8.0_45-b15"/>
    <property name="user.name" value="19040692"/>
    <property name="path.separator" value=";"/>
    <property name="os.version" value="6.3"/>
    <property name="java.endorsed.dirs" value="D:\Program Files\Java\jdk1.8.0_45\jre\lib\endorsed"/>
    <property name="java.runtime.name" value="Java(TM) SE Runtime Environment"/>
    <property name="file.encoding" value="GBK"/>
    <property name="java.vm.name" value="Java HotSpot(TM) 64-Bit Server VM"/>
    <property name="localRepository" value="D:\dev\mvn"/>
    <property name="java.vendor.url.bug" value="http://bugreport.sun.com/bugreport/"/>
    <property name="java.io.tmpdir" value="C:\Users\19040692\AppData\Local\Temp\"/>
    <property name="java.version" value="1.8.0_45"/>
    <property name="user.dir" value="D:\workspace\idea\fim\common"/>
    <property name="os.arch" value="amd64"/>
    <property name="java.vm.specification.name" value="Java Virtual Machine Specification"/>
    <property name="java.awt.printerjob" value="sun.awt.windows.WPrinterJob"/>
    <property name="sun.os.patch.level" value=""/>
    <property name="idea.version2019.1.1" value="true"/>
    <property name="java.library.path" value="D:\Program Files\Java\jdk1.8.0_45\jre\bin;C:\Windows\Sun\Java\bin;C:\Windows\system32;C:\Windows;C:\Program Files (x86)\Common Files\Intel\Shared Libraries\redist\intel64_win\compiler;.;D:\Program Files\Java\jdk1.8.0_45\bin;D:\Program Files\Java\jdk1.8.0_45\lib\tool.jar;;D:\Program Files\Java\jdk1.8.0_45\bin;C:\ProgramData\Oracle\Java\javapath;C:\sybase\OCS-12_5\dll;C:\sybase\OCS-12_5\bin;C:\sybase\SQLRemote\dll;C:\sybase\RPL-12_5\bin;C:\sybase\JS-12_5\bin;C:\sybase\ASE-12_5\dll;C:\sybase\ASE-12_5\bin;C:\Program Files\WinRAR;C:\Windows\system32;C:\Windows;C:\Windows\System32\Wbem;C:\Windows\System32\WindowsPowerShell\v1.0\;C:\Windows\System32\OpenSSH\;C:\Users\Administrator\AppData\Local\Microsoft\WindowsApps;C:\Program Files (x86)\富基旋风科技\appSys01;C:\Pr;gram Files (x86)\富基旋风科技\appSys02;C:\Pr;gram Files (x86)\富基旋风科技\appSys01;C:\Pr;gram Files (x86)\富基旋风科技\appSys02;C:\Pr;gram Files (x86)\富基旋风科技\appSys03;D:\Program Files\Git\cmd;D:\Program Files\TortoiseSVN\bin;D:\Software\apache-maven-3.6.1\bin;D:\Program Files\TortoiseGit\bin;D:\Software\apache-ant-1.9.14\bin;D:\Program Files\TortoiseSVN\bin;D:\Software\curl-7.65.1-win64-mingw\bin;D:\Software\btrace-bin-1.3.11.3/bin;D:\Program Files\PuTTY\;D:\Software\gradle-5.5.1\bin;D:\Go\bin;C:\Users\19040692\AppData\Local\Microsoft\WindowsApps;D:\Program Files (x86)\Tesseract-OCR;D:\Users\19040692\AppData\Local\Programs\Fiddler;D:\Program Files\JetBrains\PyCharm 2019.2\bin;C:\Windows\System32;D:\Software\curl-7.67.0-win64-mingw\bin;C:\Users\19040692\go\bin;D:\Go\bin;D:\Software\node-v10.17.0-win-x64;D:\Users\19040692\Downloads\WPy64-3720\python-3.7.2.amd64;D:\Users\19040692\Downloads\WPy64-3720\python-3.7.2.amd64\Scripts;C:\Program Files (x86)\SSH Communications Security\SSH Secure Shell;D:\Software\flutter\bin;;."/>
    <property name="java.vm.info" value="mixed mode"/>
    <property name="java.vendor" value="Oracle Corporation"/>
    <property name="java.vm.version" value="25.45-b02"/>
    <property name="java.ext.dirs" value="D:\Program Files\Java\jdk1.8.0_45\jre\lib\ext;C:\Windows\Sun\Java\lib\ext"/>
    <property name="sun.io.unicode.encoding" value="UnicodeLittle"/>
    <property name="java.class.version" value="52.0"/>
  </properties>
  <testcase name="shouldAnswerWithTrue" classname="org.example.AppTest" time="0.003"/>
</testsuite>